<?xml version="1.0" encoding="UTF-8"?>
<!-- Generated by org.testng.reporters.JUnitReportReporter -->
<testsuite skipped="0" hostname="LAPTOP-MDV47QRS" name="SeleniumAcademy.testNGBasics" tests="2" failures="0" timestamp="06 Jun 2024 19:36:42 GMT" time="0.001" errors="0">
  <testcase name="secondTest" time="0.000" classname="SeleniumAcademy.testNGBasics"/>
  <testcase name="firstTest" time="0.001" classname="SeleniumAcademy.testNGBasics"/>
</testsuite> <!-- SeleniumAcademy.testNGBasics -->
