<?xml version="1.0" encoding="UTF-8"?>
<!-- Generated by org.testng.reporters.JUnitReportReporter -->
<testsuite skipped="0" hostname="LAPTOP-MDV47QRS" name="SeleniumAcademy.testNGBasics2" tests="2" failures="0" timestamp="06 Jun 2024 14:08:54 GMT" time="0.000" errors="0">
  <testcase name="thirdTest" time="0.000" classname="SeleniumAcademy.testNGBasics2"/>
  <testcase name="fourthTest" time="0.000" classname="SeleniumAcademy.testNGBasics2"/>
</testsuite> <!-- SeleniumAcademy.testNGBasics2 -->
